<?xml version="1.0" encoding="UTF-8" ?>
<testsuites>
<testsuite name="angularjs homepage" errors="0" tests="1" failures="0" time="7.882" timestamp="2014-10-20T05:50:07">
  <testcase classname="angularjs homepage" name="should pass" time="7.881"></testcase>
</testsuite>
</testsuites>